sample/build/outputs/logs/manifest-merger-debug-report.txt
-- Merging decision tree log ---
manifest
ADDED from src\main\AndroidManifest.xml:2:1-16:12
INJECTED from src\main\AndroidManifest.xml:2:1-16:12
INJECTED from src\main\AndroidManifest.xml:2:1-16:12
INJECTED from src\main\AndroidManifest.xml:2:1-16:12
MERGED from [:lib-zxingcore] AndroidManifest.xml:2:1-47:12
MERGED from [com.android.support:appcompat-v7:27.1.1] AndroidManifest.xml:17:1-22:12
MERGED from [com.android.support:support-fragment:27.1.1] AndroidManifest.xml:17:1-22:12
MERGED from [com.android.support:animated-vector-drawable:27.1.1] AndroidManifest.xml:17:1-22:12
MERGED from [com.android.support:support-core-ui:27.1.1] AndroidManifest.xml:17:1-22:12
MERGED from [com.android.support:support-core-utils:27.1.1] AndroidManifest.xml:17:1-22:12
MERGED from [com.android.support:support-vector-drawable:27.1.1] AndroidManifest.xml:17:1-22:12
MERGED from [com.android.support:support-compat:27.1.1] AndroidManifest.xml:17:1-22:12
MERGED from [android.arch.lifecycle:livedata-core:1.1.0] AndroidManifest.xml:17:1-22:12
MERGED from [android.arch.lifecycle:viewmodel:1.1.0] AndroidManifest.xml:17:1-22:12
MERGED from [android.arch.lifecycle:runtime:1.1.0] AndroidManifest.xml:17:1-22:12
MERGED from [android.arch.core:runtime:1.1.0] AndroidManifest.xml:17:1-22:12
INJECTED from src\main\AndroidManifest.xml:2:1-16:12
INJECTED from src\main\AndroidManifest.xml:2:1-16:12
INJECTED from src\main\AndroidManifest.xml:2:1-16:12
	package
		ADDED from src\main\AndroidManifest.xml:2:70-89
		INJECTED from src\main\AndroidManifest.xml
		INJECTED from src\main\AndroidManifest.xml
	android:versionName
		INJECTED from src\main\AndroidManifest.xml
		ADDED from src\main\AndroidManifest.xml:2:1-16:12
		INJECTED from src\main\AndroidManifest.xml
	android:versionCode
		INJECTED from src\main\AndroidManifest.xml
		ADDED from src\main\AndroidManifest.xml:2:1-16:12
		INJECTED from src\main\AndroidManifest.xml
	xmlns:android
		ADDED from src\main\AndroidManifest.xml:2:11-69
application
ADDED from src\main\AndroidManifest.xml:4:5-14:19
MERGED from [:lib-zxingcore] AndroidManifest.xml:38:5-45:19
MERGED from [:lib-zxingcore] AndroidManifest.xml:38:5-45:19
	android:supportsRtl
		ADDED from src\main\AndroidManifest.xml:6:9-35
	android:label
		ADDED from src\main\AndroidManifest.xml:5:9-41
	android:roundIcon
		ADDED from src\main\AndroidManifest.xml:5:42-87
	android:icon
		ADDED from src\main\AndroidManifest.xml:4:45-79
	android:allowBackup
		ADDED from src\main\AndroidManifest.xml:4:18-44
	android:theme
		ADDED from src\main\AndroidManifest.xml:6:36-67
activity#lu.sample.MainActivity
ADDED from src\main\AndroidManifest.xml:7:9-13:20
	android:name
		ADDED from src\main\AndroidManifest.xml:7:19-47
intent-filter#android.intent.action.MAIN+android.intent.category.LAUNCHER
ADDED from src\main\AndroidManifest.xml:8:13-12:29
action#android.intent.action.MAIN
ADDED from src\main\AndroidManifest.xml:9:17-69
	android:name
		ADDED from src\main\AndroidManifest.xml:9:25-66
category#android.intent.category.LAUNCHER
ADDED from src\main\AndroidManifest.xml:11:17-77
	android:name
		ADDED from src\main\AndroidManifest.xml:11:27-74
uses-sdk
INJECTED from src\main\AndroidManifest.xml reason: use-sdk injection requested
INJECTED from src\main\AndroidManifest.xml
INJECTED from src\main\AndroidManifest.xml
MERGED from [:lib-zxingcore] AndroidManifest.xml:6:5-8:41
MERGED from [:lib-zxingcore] AndroidManifest.xml:6:5-8:41
MERGED from [com.android.support:appcompat-v7:27.1.1] AndroidManifest.xml:20:5-44
MERGED from [com.android.support:appcompat-v7:27.1.1] AndroidManifest.xml:20:5-44
MERGED from [com.android.support:support-fragment:27.1.1] AndroidManifest.xml:20:5-44
MERGED from [com.android.support:support-fragment:27.1.1] AndroidManifest.xml:20:5-44
MERGED from [com.android.support:animated-vector-drawable:27.1.1] AndroidManifest.xml:20:5-44
MERGED from [com.android.support:animated-vector-drawable:27.1.1] AndroidManifest.xml:20:5-44
MERGED from [com.android.support:support-core-ui:27.1.1] AndroidManifest.xml:20:5-44
MERGED from [com.android.support:support-core-ui:27.1.1] AndroidManifest.xml:20:5-44
MERGED from [com.android.support:support-core-utils:27.1.1] AndroidManifest.xml:20:5-44
MERGED from [com.android.support:support-core-utils:27.1.1] AndroidManifest.xml:20:5-44
MERGED from [com.android.support:support-vector-drawable:27.1.1] AndroidManifest.xml:20:5-44
MERGED from [com.android.support:support-vector-drawable:27.1.1] AndroidManifest.xml:20:5-44
MERGED from [com.android.support:support-compat:27.1.1] AndroidManifest.xml:20:5-44
MERGED from [com.android.support:support-compat:27.1.1] AndroidManifest.xml:20:5-44
MERGED from [android.arch.lifecycle:livedata-core:1.1.0] AndroidManifest.xml:20:5-44
MERGED from [android.arch.lifecycle:livedata-core:1.1.0] AndroidManifest.xml:20:5-44
MERGED from [android.arch.lifecycle:viewmodel:1.1.0] AndroidManifest.xml:20:5-44
MERGED from [android.arch.lifecycle:viewmodel:1.1.0] AndroidManifest.xml:20:5-44
MERGED from [android.arch.lifecycle:runtime:1.1.0] AndroidManifest.xml:20:5-44
MERGED from [android.arch.lifecycle:runtime:1.1.0] AndroidManifest.xml:20:5-44
MERGED from [android.arch.core:runtime:1.1.0] AndroidManifest.xml:20:5-44
MERGED from [android.arch.core:runtime:1.1.0] AndroidManifest.xml:20:5-44
INJECTED from src\main\AndroidManifest.xml
INJECTED from src\main\AndroidManifest.xml
	android:targetSdkVersion
		INJECTED from src\main\AndroidManifest.xml
		ADDED from src\main\AndroidManifest.xml
		INJECTED from src\main\AndroidManifest.xml
	android:minSdkVersion
		INJECTED from src\main\AndroidManifest.xml
		ADDED from src\main\AndroidManifest.xml
		INJECTED from src\main\AndroidManifest.xml
uses-permission#android.permission.CAMERA
ADDED from [:lib-zxingcore] AndroidManifest.xml:10:5-65
	android:name
		ADDED from [:lib-zxingcore] AndroidManifest.xml:10:22-62
uses-feature#android.hardware.camera
ADDED from [:lib-zxingcore] AndroidManifest.xml:13:5-15:36
	android:required
		ADDED from [:lib-zxingcore] AndroidManifest.xml:15:9-33
	android:name
		ADDED from [:lib-zxingcore] AndroidManifest.xml:14:9-47
uses-feature#android.hardware.camera.front
ADDED from [:lib-zxingcore] AndroidManifest.xml:16:5-18:36
	android:required
		ADDED from [:lib-zxingcore] AndroidManifest.xml:18:9-33
	android:name
		ADDED from [:lib-zxingcore] AndroidManifest.xml:17:9-53
uses-feature#android.hardware.camera.autofocus
ADDED from [:lib-zxingcore] AndroidManifest.xml:21:5-23:36
	android:required
		ADDED from [:lib-zxingcore] AndroidManifest.xml:23:9-33
	android:name
		ADDED from [:lib-zxingcore] AndroidManifest.xml:22:9-57
uses-feature#android.hardware.camera.flash
ADDED from [:lib-zxingcore] AndroidManifest.xml:24:5-26:36
	android:required
		ADDED from [:lib-zxingcore] AndroidManifest.xml:26:9-33
	android:name
		ADDED from [:lib-zxingcore] AndroidManifest.xml:25:9-53
uses-feature#android.hardware.screen.landscape
ADDED from [:lib-zxingcore] AndroidManifest.xml:27:5-29:36
	android:required
		ADDED from [:lib-zxingcore] AndroidManifest.xml:29:9-33
	android:name
		ADDED from [:lib-zxingcore] AndroidManifest.xml:28:9-57
uses-feature#android.hardware.wifi
ADDED from [:lib-zxingcore] AndroidManifest.xml:30:5-32:36
	android:required
		ADDED from [:lib-zxingcore] AndroidManifest.xml:32:9-33
	android:name
		ADDED from [:lib-zxingcore] AndroidManifest.xml:31:9-45
uses-permission#android.permission.WRITE_EXTERNAL_STORAGE
ADDED from [:lib-zxingcore] AndroidManifest.xml:34:5-81
	android:name
		ADDED from [:lib-zxingcore] AndroidManifest.xml:34:22-78
uses-permission#android.permission.READ_PHONE_STATE
ADDED from [:lib-zxingcore] AndroidManifest.xml:35:5-75
	android:name
		ADDED from [:lib-zxingcore] AndroidManifest.xml:35:22-72
uses-permission#android.permission.READ_EXTERNAL_STORAGE
ADDED from [:lib-zxingcore] AndroidManifest.xml:36:5-80
	android:name
		ADDED from [:lib-zxingcore] AndroidManifest.xml:36:22-77
activity#com.journeyapps.barcodescanner.CaptureActivity
ADDED from [:lib-zxingcore] AndroidManifest.xml:39:9-44:63
	android:clearTaskOnLaunch
		ADDED from [:lib-zxingcore] AndroidManifest.xml:41:13-45
	android:stateNotNeeded
		ADDED from [:lib-zxingcore] AndroidManifest.xml:42:13-42
	android:windowSoftInputMode
		ADDED from [:lib-zxingcore] AndroidManifest.xml:44:13-60
	android:theme
		ADDED from [:lib-zxingcore] AndroidManifest.xml:43:13-54
	android:name
		ADDED from [:lib-zxingcore] AndroidManifest.xml:40:13-74